2019-02-27 22:42:05
Full thread dump Java HotSpot(TM) 64-Bit Server VM (25.112-b16 mixed mode):

"Attach Listener" #9 daemon prio=9 os_prio=31 tid=0x00007fb6ae81c800 nid=0x3207 waiting on condition [0x0000000000000000]
   java.lang.Thread.State: RUNNABLE

"Service Thread" #8 daemon prio=9 os_prio=31 tid=0x00007fb6ad814800 nid=0x4703 runnable [0x0000000000000000]
   java.lang.Thread.State: RUNNABLE

"C1 CompilerThread2" #7 daemon prio=9 os_prio=31 tid=0x00007fb6ae03f000 nid=0x4903 waiting on condition [0x0000000000000000]
   java.lang.Thread.State: RUNNABLE

"C2 CompilerThread1" #6 daemon prio=9 os_prio=31 tid=0x00007fb6ad807800 nid=0x3803 waiting on condition [0x0000000000000000]
   java.lang.Thread.State: RUNNABLE

"C2 CompilerThread0" #5 daemon prio=9 os_prio=31 tid=0x00007fb6af01f800 nid=0x3603 waiting on condition [0x0000000000000000]
   java.lang.Thread.State: RUNNABLE

"Signal Dispatcher" #4 daemon prio=9 os_prio=31 tid=0x00007fb6af01e800 nid=0x3403 runnable [0x0000000000000000]
   java.lang.Thread.State: RUNNABLE

"Finalizer" #3 daemon prio=8 os_prio=31 tid=0x00007fb6af01c000 nid=0x2f03 in Object.wait() [0x000070000b6d1000]
   java.lang.Thread.State: WAITING (on object monitor)
	at java.lang.Object.wait(Native Method)
	- waiting on <0x0000000795588e98> (a java.lang.ref.ReferenceQueue$Lock)
	at java.lang.ref.ReferenceQueue.remove(ReferenceQueue.java:143)
	- locked <0x0000000795588e98> (a java.lang.ref.ReferenceQueue$Lock)
	at java.lang.ref.ReferenceQueue.remove(ReferenceQueue.java:164)
	at java.lang.ref.Finalizer$FinalizerThread.run(Finalizer.java:209)

"Reference Handler" #2 daemon prio=10 os_prio=31 tid=0x00007fb6ad807000 nid=0x2e03 in Object.wait() [0x000070000b5ce000]
   java.lang.Thread.State: WAITING (on object monitor)
	at java.lang.Object.wait(Native Method)
	- waiting on <0x0000000795586b40> (a java.lang.ref.Reference$Lock)
	at java.lang.Object.wait(Object.java:502)
	at java.lang.ref.Reference.tryHandlePending(Reference.java:191)
	- locked <0x0000000795586b40> (a java.lang.ref.Reference$Lock)
	at java.lang.ref.Reference$ReferenceHandler.run(Reference.java:153)

"main" #1 prio=5 os_prio=31 tid=0x00007fb6ae008000 nid=0x2803 waiting on condition [0x000070000afbc000]
   java.lang.Thread.State: TIMED_WAITING (sleeping)
	at java.lang.Thread.sleep(Native Method)
	at com.luochaoqun.javacore.problems.cpu.CpuProblem.main(CpuProblem.java:21)

"VM Thread" os_prio=31 tid=0x00007fb6ae01d000 nid=0x2d03 runnable 

"GC task thread#0 (ParallelGC)" os_prio=31 tid=0x00007fb6ae804800 nid=0x1c07 runnable 

"GC task thread#1 (ParallelGC)" os_prio=31 tid=0x00007fb6ae805800 nid=0x1a03 runnable 

"GC task thread#2 (ParallelGC)" os_prio=31 tid=0x00007fb6ae806000 nid=0x5403 runnable 

"GC task thread#3 (ParallelGC)" os_prio=31 tid=0x00007fb6ad800800 nid=0x2b03 runnable 

"VM Periodic Task Thread" os_prio=31 tid=0x00007fb6ae040000 nid=0x4603 waiting on condition 

JNI global references: 6

